<?xml version="1.0" encoding="UTF-8"?>
<!-- Generated by org.testng.reporters.JUnitXMLReporter -->
<testsuite ignored="2" hostname="DESKTOP-ID460RF" failures="0" tests="1" name="Default test" time="11.727" errors="0" timestamp="04 Aug 2020 03:48:54 GMT">
  <testcase classname="com.qa.hubspot.tests.LoginPageTest" name="verifySignUpLinkTest" time="5.134"/>
  <testcase classname="com.qa.hubspot.tests.LoginPageTest" name="doLoginTest" time="0.0">
    <ignored/>
  </testcase> <!-- doLoginTest -->
  <testcase classname="com.qa.hubspot.tests.LoginPageTest" name="getTitlePageTest" time="0.0">
    <ignored/>
  </testcase> <!-- getTitlePageTest -->
</testsuite> <!-- Default test -->
