<?xml version="1.0" encoding="UTF-8"?>
<testng-results ignored="2" total="3" passed="1" failed="0" skipped="0">
  <reporter-output>
  </reporter-output>
  <suite started-at="2020-08-04T03:48:42Z" name="Default suite" finished-at="2020-08-04T03:48:54Z" duration-ms="11727">
    <groups>
    </groups>
    <test started-at="2020-08-04T03:48:42Z" name="Default test" finished-at="2020-08-04T03:48:54Z" duration-ms="11727">
      <class name="com.qa.hubspot.tests.LoginPageTest">
        <test-method is-config="true" signature="setup()[pri:0, instance:com.qa.hubspot.tests.LoginPageTest@738dc9b]" started-at="2020-08-04T03:48:42Z" name="setup" finished-at="2020-08-04T03:48:48Z" duration-ms="5929" status="PASS">
          <reporter-output>
          </reporter-output>
        </test-method> <!-- setup -->
        <test-method signature="verifySignUpLinkTest()[pri:1, instance:com.qa.hubspot.tests.LoginPageTest@738dc9b]" started-at="2020-08-04T03:48:48Z" name="verifySignUpLinkTest" finished-at="2020-08-04T03:48:53Z" duration-ms="5134" status="PASS">
          <reporter-output>
          </reporter-output>
        </test-method> <!-- verifySignUpLinkTest -->
        <test-method is-config="true" signature="tearDown()[pri:0, instance:com.qa.hubspot.tests.LoginPageTest@738dc9b]" started-at="2020-08-04T03:48:53Z" name="tearDown" finished-at="2020-08-04T03:48:54Z" duration-ms="644" status="PASS">
          <reporter-output>
          </reporter-output>
        </test-method> <!-- tearDown -->
      </class> <!-- com.qa.hubspot.tests.LoginPageTest -->
    </test> <!-- Default test -->
  </suite> <!-- Default suite -->
</testng-results>
